2022/01/27 04:15:07 [notice] 1#1: using the "epoll" event method
2022/01/27 04:15:07 [notice] 1#1: nginx/1.21.6
2022/01/27 04:15:07 [notice] 1#1: built by gcc 10.2.1 20210110 (Debian 10.2.1-6) 
2022/01/27 04:15:07 [notice] 1#1: OS: Linux 5.10.16.3-microsoft-standard-WSL2
2022/01/27 04:15:07 [notice] 1#1: getrlimit(RLIMIT_NOFILE): 1048576:1048576
2022/01/27 04:15:07 [notice] 1#1: start worker processes
2022/01/27 04:15:07 [notice] 1#1: start worker process 31
2022/01/27 04:15:07 [notice] 1#1: start worker process 32
2022/01/27 04:15:07 [notice] 1#1: start worker process 33
2022/01/27 04:15:07 [notice] 1#1: start worker process 34
2022/01/27 22:47:16 [notice] 1#1: signal 3 (SIGQUIT) received, shutting down
2022/01/27 22:47:16 [notice] 31#31: gracefully shutting down
2022/01/27 22:47:16 [notice] 33#33: gracefully shutting down
2022/01/27 22:47:16 [notice] 34#34: gracefully shutting down
2022/01/27 22:47:16 [notice] 32#32: gracefully shutting down
2022/01/27 22:47:16 [notice] 31#31: exiting
2022/01/27 22:47:16 [notice] 32#32: exiting
2022/01/27 22:47:16 [notice] 33#33: exiting
2022/01/27 22:47:16 [notice] 34#34: exiting
2022/01/27 22:47:16 [notice] 34#34: exit
2022/01/27 22:47:16 [notice] 31#31: exit
2022/01/27 22:47:16 [notice] 32#32: exit
2022/01/27 22:47:16 [notice] 33#33: exit
2022/01/27 22:47:17 [notice] 1#1: signal 17 (SIGCHLD) received from 32
2022/01/27 22:47:17 [notice] 1#1: worker process 32 exited with code 0
2022/01/27 22:47:17 [notice] 1#1: worker process 31 exited with code 0
2022/01/27 22:47:17 [notice] 1#1: worker process 33 exited with code 0
2022/01/27 22:47:17 [notice] 1#1: signal 29 (SIGIO) received
2022/01/27 22:47:17 [notice] 1#1: signal 17 (SIGCHLD) received from 33
2022/01/27 22:47:17 [notice] 1#1: signal 17 (SIGCHLD) received from 34
2022/01/27 22:47:17 [notice] 1#1: worker process 34 exited with code 0
2022/01/27 22:47:17 [notice] 1#1: exit
2022/01/27 22:58:25 [notice] 1#1: using the "epoll" event method
2022/01/27 22:58:25 [notice] 1#1: nginx/1.21.6
2022/01/27 22:58:25 [notice] 1#1: built by gcc 10.2.1 20210110 (Debian 10.2.1-6) 
2022/01/27 22:58:25 [notice] 1#1: OS: Linux 5.10.16.3-microsoft-standard-WSL2
2022/01/27 22:58:25 [notice] 1#1: getrlimit(RLIMIT_NOFILE): 1048576:1048576
2022/01/27 22:58:25 [notice] 1#1: start worker processes
2022/01/27 22:58:25 [notice] 1#1: start worker process 31
2022/01/27 22:58:25 [notice] 1#1: start worker process 32
2022/01/27 22:58:25 [notice] 1#1: start worker process 33
2022/01/27 22:58:25 [notice] 1#1: start worker process 34
2022/01/27 23:05:31 [notice] 1#1: signal 3 (SIGQUIT) received, shutting down
2022/01/27 23:05:31 [notice] 31#31: gracefully shutting down
2022/01/27 23:05:31 [notice] 33#33: gracefully shutting down
2022/01/27 23:05:31 [notice] 32#32: gracefully shutting down
2022/01/27 23:05:31 [notice] 31#31: exiting
2022/01/27 23:05:31 [notice] 32#32: exiting
2022/01/27 23:05:31 [notice] 33#33: exiting
2022/01/27 23:05:31 [notice] 33#33: exit
2022/01/27 23:05:31 [notice] 31#31: exit
2022/01/27 23:05:31 [notice] 32#32: exit
2022/01/27 23:05:31 [notice] 34#34: gracefully shutting down
2022/01/27 23:05:31 [notice] 34#34: exiting
2022/01/27 23:05:31 [notice] 34#34: exit
2022/01/27 23:05:31 [notice] 1#1: signal 17 (SIGCHLD) received from 34
2022/01/27 23:05:31 [notice] 1#1: worker process 34 exited with code 0
2022/01/27 23:05:31 [notice] 1#1: signal 29 (SIGIO) received
2022/01/27 23:05:31 [notice] 1#1: signal 17 (SIGCHLD) received from 33
2022/01/27 23:05:31 [notice] 1#1: worker process 33 exited with code 0
2022/01/27 23:05:31 [notice] 1#1: signal 29 (SIGIO) received
2022/01/27 23:05:31 [notice] 1#1: signal 17 (SIGCHLD) received from 31
2022/01/27 23:05:31 [notice] 1#1: worker process 31 exited with code 0
2022/01/27 23:05:31 [notice] 1#1: worker process 32 exited with code 0
2022/01/27 23:05:31 [notice] 1#1: exit
2022/01/27 23:05:41 [notice] 1#1: using the "epoll" event method
2022/01/27 23:05:41 [notice] 1#1: nginx/1.21.6
2022/01/27 23:05:41 [notice] 1#1: built by gcc 10.2.1 20210110 (Debian 10.2.1-6) 
2022/01/27 23:05:41 [notice] 1#1: OS: Linux 5.10.16.3-microsoft-standard-WSL2
2022/01/27 23:05:41 [notice] 1#1: getrlimit(RLIMIT_NOFILE): 1048576:1048576
2022/01/27 23:05:41 [notice] 1#1: start worker processes
2022/01/27 23:05:41 [notice] 1#1: start worker process 31
2022/01/27 23:05:41 [notice] 1#1: start worker process 32
2022/01/27 23:05:41 [notice] 1#1: start worker process 33
2022/01/27 23:05:41 [notice] 1#1: start worker process 34
2022/01/27 23:08:43 [notice] 1#1: signal 3 (SIGQUIT) received, shutting down
2022/01/27 23:08:43 [notice] 31#31: gracefully shutting down
2022/01/27 23:08:43 [notice] 34#34: gracefully shutting down
2022/01/27 23:08:43 [notice] 33#33: gracefully shutting down
2022/01/27 23:08:43 [notice] 32#32: gracefully shutting down
2022/01/27 23:08:43 [notice] 34#34: exiting
2022/01/27 23:08:43 [notice] 33#33: exiting
2022/01/27 23:08:43 [notice] 31#31: exiting
2022/01/27 23:08:43 [notice] 32#32: exiting
2022/01/27 23:08:43 [notice] 33#33: exit
2022/01/27 23:08:43 [notice] 31#31: exit
2022/01/27 23:08:43 [notice] 34#34: exit
2022/01/27 23:08:43 [notice] 32#32: exit
2022/01/27 23:08:43 [notice] 1#1: signal 17 (SIGCHLD) received from 33
2022/01/27 23:08:43 [notice] 1#1: worker process 33 exited with code 0
2022/01/27 23:08:43 [notice] 1#1: signal 29 (SIGIO) received
2022/01/27 23:08:43 [notice] 1#1: signal 17 (SIGCHLD) received from 32
2022/01/27 23:08:43 [notice] 1#1: worker process 32 exited with code 0
2022/01/27 23:08:43 [notice] 1#1: signal 29 (SIGIO) received
2022/01/27 23:08:43 [notice] 1#1: signal 17 (SIGCHLD) received from 34
2022/01/27 23:08:43 [notice] 1#1: worker process 31 exited with code 0
2022/01/27 23:08:43 [notice] 1#1: worker process 34 exited with code 0
2022/01/27 23:08:43 [notice] 1#1: exit
2022/01/27 23:08:53 [notice] 1#1: using the "epoll" event method
2022/01/27 23:08:53 [notice] 1#1: nginx/1.21.6
2022/01/27 23:08:53 [notice] 1#1: built by gcc 10.2.1 20210110 (Debian 10.2.1-6) 
2022/01/27 23:08:53 [notice] 1#1: OS: Linux 5.10.16.3-microsoft-standard-WSL2
2022/01/27 23:08:53 [notice] 1#1: getrlimit(RLIMIT_NOFILE): 1048576:1048576
2022/01/27 23:08:53 [notice] 1#1: start worker processes
2022/01/27 23:08:53 [notice] 1#1: start worker process 31
2022/01/27 23:08:53 [notice] 1#1: start worker process 32
2022/01/27 23:08:53 [notice] 1#1: start worker process 33
2022/01/27 23:08:53 [notice] 1#1: start worker process 34
2022/01/27 23:10:49 [notice] 1#1: signal 3 (SIGQUIT) received, shutting down
2022/01/27 23:10:49 [notice] 31#31: gracefully shutting down
2022/01/27 23:10:49 [notice] 31#31: exiting
2022/01/27 23:10:49 [notice] 31#31: exit
2022/01/27 23:10:49 [notice] 32#32: gracefully shutting down
2022/01/27 23:10:49 [notice] 32#32: exiting
2022/01/27 23:10:49 [notice] 34#34: gracefully shutting down
2022/01/27 23:10:49 [notice] 33#33: gracefully shutting down
2022/01/27 23:10:49 [notice] 32#32: exit
2022/01/27 23:10:49 [notice] 33#33: exiting
2022/01/27 23:10:49 [notice] 34#34: exiting
2022/01/27 23:10:49 [notice] 33#33: exit
2022/01/27 23:10:49 [notice] 34#34: exit
2022/01/27 23:10:49 [notice] 1#1: signal 17 (SIGCHLD) received from 34
2022/01/27 23:10:49 [notice] 1#1: worker process 31 exited with code 0
2022/01/27 23:10:49 [notice] 1#1: worker process 32 exited with code 0
2022/01/27 23:10:49 [notice] 1#1: worker process 34 exited with code 0
2022/01/27 23:10:49 [notice] 1#1: signal 29 (SIGIO) received
2022/01/27 23:10:49 [notice] 1#1: signal 17 (SIGCHLD) received from 32
2022/01/27 23:10:49 [notice] 1#1: signal 17 (SIGCHLD) received from 33
2022/01/27 23:10:49 [notice] 1#1: worker process 33 exited with code 0
2022/01/27 23:10:49 [notice] 1#1: exit
2022/01/27 23:11:37 [notice] 1#1: using the "epoll" event method
2022/01/27 23:11:37 [notice] 1#1: nginx/1.21.6
2022/01/27 23:11:37 [notice] 1#1: built by gcc 10.2.1 20210110 (Debian 10.2.1-6) 
2022/01/27 23:11:37 [notice] 1#1: OS: Linux 5.10.16.3-microsoft-standard-WSL2
2022/01/27 23:11:37 [notice] 1#1: getrlimit(RLIMIT_NOFILE): 1048576:1048576
2022/01/27 23:11:37 [notice] 1#1: start worker processes
2022/01/27 23:11:37 [notice] 1#1: start worker process 31
2022/01/27 23:11:37 [notice] 1#1: start worker process 32
2022/01/27 23:11:37 [notice] 1#1: start worker process 33
2022/01/27 23:11:37 [notice] 1#1: start worker process 34
2022/01/28 20:25:25 [notice] 1#1: using the "epoll" event method
2022/01/28 20:25:25 [notice] 1#1: nginx/1.21.6
2022/01/28 20:25:25 [notice] 1#1: built by gcc 10.2.1 20210110 (Debian 10.2.1-6) 
2022/01/28 20:25:25 [notice] 1#1: OS: Linux 5.10.16.3-microsoft-standard-WSL2
2022/01/28 20:25:25 [notice] 1#1: getrlimit(RLIMIT_NOFILE): 1048576:1048576
2022/01/28 20:25:25 [notice] 1#1: start worker processes
2022/01/28 20:25:25 [notice] 1#1: start worker process 31
2022/01/28 20:25:25 [notice] 1#1: start worker process 32
2022/01/28 20:25:25 [notice] 1#1: start worker process 33
2022/01/28 20:25:25 [notice] 1#1: start worker process 34
2022/01/28 20:32:21 [notice] 1#1: signal 3 (SIGQUIT) received, shutting down
2022/01/28 20:32:21 [notice] 31#31: gracefully shutting down
2022/01/28 20:32:21 [notice] 31#31: exiting
2022/01/28 20:32:21 [notice] 33#33: gracefully shutting down
2022/01/28 20:32:21 [notice] 32#32: gracefully shutting down
2022/01/28 20:32:21 [notice] 33#33: exiting
2022/01/28 20:32:21 [notice] 34#34: gracefully shutting down
2022/01/28 20:32:21 [notice] 32#32: exiting
2022/01/28 20:32:21 [notice] 31#31: exit
2022/01/28 20:32:21 [notice] 34#34: exiting
2022/01/28 20:32:21 [notice] 33#33: exit
2022/01/28 20:32:21 [notice] 32#32: exit
2022/01/28 20:32:21 [notice] 34#34: exit
2022/01/28 20:32:21 [notice] 1#1: signal 17 (SIGCHLD) received from 31
2022/01/28 20:32:21 [notice] 1#1: worker process 31 exited with code 0
2022/01/28 20:32:21 [notice] 1#1: signal 29 (SIGIO) received
2022/01/28 20:32:21 [notice] 1#1: signal 17 (SIGCHLD) received from 33
2022/01/28 20:32:21 [notice] 1#1: worker process 32 exited with code 0
2022/01/28 20:32:21 [notice] 1#1: worker process 33 exited with code 0
2022/01/28 20:32:21 [notice] 1#1: worker process 34 exited with code 0
2022/01/28 20:32:21 [notice] 1#1: exit
2022/01/28 20:33:33 [notice] 1#1: using the "epoll" event method
2022/01/28 20:33:33 [notice] 1#1: nginx/1.21.6
2022/01/28 20:33:33 [notice] 1#1: built by gcc 10.2.1 20210110 (Debian 10.2.1-6) 
2022/01/28 20:33:33 [notice] 1#1: OS: Linux 5.10.16.3-microsoft-standard-WSL2
2022/01/28 20:33:33 [notice] 1#1: getrlimit(RLIMIT_NOFILE): 1048576:1048576
2022/01/28 20:33:33 [notice] 1#1: start worker processes
2022/01/28 20:33:33 [notice] 1#1: start worker process 31
2022/01/28 20:33:33 [notice] 1#1: start worker process 32
2022/01/28 20:33:33 [notice] 1#1: start worker process 33
2022/01/28 20:33:33 [notice] 1#1: start worker process 34
2022/01/28 20:37:49 [notice] 1#1: signal 3 (SIGQUIT) received, shutting down
2022/01/28 20:37:49 [notice] 32#32: gracefully shutting down
2022/01/28 20:37:49 [notice] 33#33: gracefully shutting down
2022/01/28 20:37:49 [notice] 31#31: gracefully shutting down
2022/01/28 20:37:49 [notice] 32#32: exiting
2022/01/28 20:37:49 [notice] 33#33: exiting
2022/01/28 20:37:49 [notice] 31#31: exiting
2022/01/28 20:37:49 [notice] 34#34: gracefully shutting down
2022/01/28 20:37:49 [notice] 34#34: exiting
2022/01/28 20:37:49 [notice] 33#33: exit
2022/01/28 20:37:49 [notice] 32#32: exit
2022/01/28 20:37:49 [notice] 34#34: exit
2022/01/28 20:37:49 [notice] 31#31: exit
2022/01/28 20:37:49 [notice] 1#1: signal 17 (SIGCHLD) received from 32
2022/01/28 20:37:49 [notice] 1#1: worker process 32 exited with code 0
2022/01/28 20:37:49 [notice] 1#1: signal 29 (SIGIO) received
2022/01/28 20:37:49 [notice] 1#1: signal 17 (SIGCHLD) received from 34
2022/01/28 20:37:49 [notice] 1#1: worker process 34 exited with code 0
2022/01/28 20:37:49 [notice] 1#1: signal 29 (SIGIO) received
2022/01/28 20:37:49 [notice] 1#1: signal 17 (SIGCHLD) received from 31
2022/01/28 20:37:49 [notice] 1#1: worker process 31 exited with code 0
2022/01/28 20:37:49 [notice] 1#1: signal 17 (SIGCHLD) received from 33
2022/01/28 20:37:49 [notice] 1#1: worker process 33 exited with code 0
2022/01/28 20:37:49 [notice] 1#1: exit
2022/01/28 20:37:52 [notice] 1#1: using the "epoll" event method
2022/01/28 20:37:52 [notice] 1#1: nginx/1.21.6
2022/01/28 20:37:52 [notice] 1#1: built by gcc 10.2.1 20210110 (Debian 10.2.1-6) 
2022/01/28 20:37:52 [notice] 1#1: OS: Linux 5.10.16.3-microsoft-standard-WSL2
2022/01/28 20:37:52 [notice] 1#1: getrlimit(RLIMIT_NOFILE): 1048576:1048576
2022/01/28 20:37:52 [notice] 1#1: start worker processes
2022/01/28 20:37:52 [notice] 1#1: start worker process 31
2022/01/28 20:37:52 [notice] 1#1: start worker process 32
2022/01/28 20:37:52 [notice] 1#1: start worker process 33
2022/01/28 20:37:52 [notice] 1#1: start worker process 34
2022/01/28 21:12:11 [notice] 1#1: signal 3 (SIGQUIT) received, shutting down
2022/01/28 21:12:11 [notice] 33#33: gracefully shutting down
2022/01/28 21:12:11 [notice] 32#32: gracefully shutting down
2022/01/28 21:12:11 [notice] 33#33: exiting
2022/01/28 21:12:11 [notice] 34#34: gracefully shutting down
2022/01/28 21:12:11 [notice] 31#31: gracefully shutting down
2022/01/28 21:12:11 [notice] 31#31: exiting
2022/01/28 21:12:11 [notice] 33#33: exit
2022/01/28 21:12:11 [notice] 31#31: exit
2022/01/28 21:12:11 [notice] 34#34: exiting
2022/01/28 21:12:11 [notice] 34#34: exit
2022/01/28 21:12:11 [notice] 32#32: exiting
2022/01/28 21:12:11 [notice] 32#32: exit
2022/01/28 21:12:11 [notice] 1#1: signal 17 (SIGCHLD) received from 34
2022/01/28 21:12:11 [notice] 1#1: worker process 33 exited with code 0
2022/01/28 21:12:11 [notice] 1#1: worker process 34 exited with code 0
2022/01/28 21:12:11 [notice] 1#1: signal 29 (SIGIO) received
2022/01/28 21:12:11 [notice] 1#1: signal 17 (SIGCHLD) received from 33
2022/01/28 21:12:11 [notice] 1#1: signal 17 (SIGCHLD) received from 31
2022/01/28 21:12:11 [notice] 1#1: worker process 31 exited with code 0
2022/01/28 21:12:11 [notice] 1#1: worker process 32 exited with code 0
2022/01/28 21:12:11 [notice] 1#1: exit
2022/01/28 21:12:24 [notice] 1#1: using the "epoll" event method
2022/01/28 21:12:24 [notice] 1#1: nginx/1.21.6
2022/01/28 21:12:24 [notice] 1#1: built by gcc 10.2.1 20210110 (Debian 10.2.1-6) 
2022/01/28 21:12:24 [notice] 1#1: OS: Linux 5.10.16.3-microsoft-standard-WSL2
2022/01/28 21:12:24 [notice] 1#1: getrlimit(RLIMIT_NOFILE): 1048576:1048576
2022/01/28 21:12:24 [notice] 1#1: start worker processes
2022/01/28 21:12:24 [notice] 1#1: start worker process 30
2022/01/28 21:12:24 [notice] 1#1: start worker process 31
2022/01/28 21:12:24 [notice] 1#1: start worker process 32
2022/01/28 21:12:24 [notice] 1#1: start worker process 33
2022/02/01 22:09:19 [notice] 1#1: using the "epoll" event method
2022/02/01 22:09:19 [notice] 1#1: nginx/1.21.6
2022/02/01 22:09:19 [notice] 1#1: built by gcc 10.2.1 20210110 (Debian 10.2.1-6) 
2022/02/01 22:09:19 [notice] 1#1: OS: Linux 5.10.16.3-microsoft-standard-WSL2
2022/02/01 22:09:19 [notice] 1#1: getrlimit(RLIMIT_NOFILE): 1048576:1048576
2022/02/01 22:09:19 [notice] 1#1: start worker processes
2022/02/01 22:09:19 [notice] 1#1: start worker process 30
2022/02/01 22:09:19 [notice] 1#1: start worker process 31
2022/02/01 22:09:19 [notice] 1#1: start worker process 32
2022/02/01 22:09:19 [notice] 1#1: start worker process 33
2022/02/01 23:02:11 [warn] 33#33: *74 a client request body is buffered to a temporary file /var/cache/nginx/client_temp/0000000001, client: 172.28.0.1, server: , request: "POST /photo HTTP/1.1", host: "localhost:8082", referrer: "http://localhost:8082/photo/submit"
2022/02/01 23:50:47 [warn] 33#33: *94 a client request body is buffered to a temporary file /var/cache/nginx/client_temp/0000000002, client: 172.28.0.1, server: , request: "POST /photo HTTP/1.1", host: "localhost:8082", referrer: "http://localhost:8082/photo/submit"
2022/02/02 00:07:29 [warn] 33#33: *96 a client request body is buffered to a temporary file /var/cache/nginx/client_temp/0000000003, client: 172.28.0.1, server: , request: "POST /photo HTTP/1.1", host: "localhost:8082", referrer: "http://localhost:8082/photo/submit"
2022/02/02 00:33:32 [warn] 33#33: *106 a client request body is buffered to a temporary file /var/cache/nginx/client_temp/0000000004, client: 172.28.0.1, server: , request: "POST /photo HTTP/1.1", host: "localhost:8082", referrer: "http://localhost:8082/photo/submit"
